<?xml version="1.0" encoding="UTF-8"?>
<testng-results ignored="0" total="1" passed="1" failed="0" skipped="0">
  <reporter-output>
  </reporter-output>
  <suite started-at="2025-08-15T21:44:04 IST" name="Default suite" finished-at="2025-08-15T21:45:49 IST" duration-ms="104914">
    <groups>
    </groups>
    <test started-at="2025-08-15T21:44:04 IST" name="Default test" finished-at="2025-08-15T21:45:49 IST" duration-ms="104914">
      <class name="com.mailmodo.testscript.PlatformDropdown">
        <test-method is-config="true" signature="openBrowser()[pri:0, instance:com.mailmodo.testscript.PlatformDropdown@65f095f8]" started-at="2025-08-15T21:44:04 IST" name="openBrowser" finished-at="2025-08-15T21:44:07 IST" duration-ms="2524" status="PASS">
          <reporter-output>
          </reporter-output>
        </test-method> <!-- openBrowser -->
        <test-method signature="checkPageDisplayed()[pri:0, instance:com.mailmodo.testscript.PlatformDropdown@65f095f8]" started-at="2025-08-15T21:44:07 IST" name="checkPageDisplayed" finished-at="2025-08-15T21:45:48 IST" duration-ms="101618" status="PASS">
          <reporter-output>
          </reporter-output>
        </test-method> <!-- checkPageDisplayed -->
        <test-method is-config="true" signature="closeBrowser()[pri:0, instance:com.mailmodo.testscript.PlatformDropdown@65f095f8]" started-at="2025-08-15T21:45:48 IST" name="closeBrowser" finished-at="2025-08-15T21:45:49 IST" duration-ms="676" status="PASS">
          <reporter-output>
          </reporter-output>
        </test-method> <!-- closeBrowser -->
      </class> <!-- com.mailmodo.testscript.PlatformDropdown -->
    </test> <!-- Default test -->
  </suite> <!-- Default suite -->
</testng-results>
